<?xml version="1.0" encoding="UTF-8"?>
<testsuite name="Consignar dinero en cuenta de ahorros" tests="3" skipped="0" failures="0" errors="0" timestamp="2022-03-09T19:49:06" hostname="LENOVO-PC" time="1.333">
  <properties/>
  <testcase name="Consignar dinero #1" classname="Consignar dinero en cuenta de ahorros" time="1.023"/>
  <testcase name="Consignar dinero #2" classname="Consignar dinero en cuenta de ahorros" time="0.228"/>
  <testcase name="Consignar dinero #3" classname="Consignar dinero en cuenta de ahorros" time="0.072"/>
  <system-out><![CDATA[]]></system-out>
  <system-err><![CDATA[[Test worker] INFO io.cucumber.core.plugin.SerenityReporter - Running feature from file:///C:/Users/S410p%20Touch/Documents/5.GuardarLenguajes/Carpeta_Java/Sofka/TallerBDD/src/test/resources/features/consignacion.feature
[Test worker] INFO  - 
  _____   ___   ___   _____     ___   _____     _     ___   _____   ___   ___  
 |_   _| | __| / __| |_   _|   / __| |_   _|   /_\   | _ \ |_   _| | __| |   \ 
   | |   | _|  \__ \   | |     \__ \   | |    / _ \  |   /   | |   | _|  | |) |
   |_|   |___| |___/   |_|     |___/   |_|   /_/ \_\ |_|_\   |_|   |___| |___/ 

Consignar dinero(consignar-dinero-en-cuenta-de-ahorros;consignar-dinero)
--------------------------------------------------------------------------------
[Test worker] INFO  - 
  _____   ___   ___   _____     ___     _     ___   ___   ___   ___  
 |_   _| | __| / __| |_   _|   | _ \   /_\   / __| / __| | __| |   \ 
   | |   | _|  \__ \   | |     |  _/  / _ \  \__ \ \__ \ | _|  | |) |
   |_|   |___| |___/   |_|     |_|   /_/ \_\ |___/ |___/ |___| |___/ 

Consignar dinero
----------------------------------------------------------------------
[Test worker] INFO io.cucumber.core.plugin.SerenityReporter - Running feature from file:///C:/Users/S410p%20Touch/Documents/5.GuardarLenguajes/Carpeta_Java/Sofka/TallerBDD/src/test/resources/features/consignacion.feature
[Test worker] INFO  - 
  _____   ___   ___   _____     ___     _     ___   ___   ___   ___  
 |_   _| | __| / __| |_   _|   | _ \   /_\   / __| / __| | __| |   \ 
   | |   | _|  \__ \   | |     |  _/  / _ \  \__ \ \__ \ | _|  | |) |
   |_|   |___| |___/   |_|     |_|   /_/ \_\ |___/ |___/ |___| |___/ 

Consignar dinero
----------------------------------------------------------------------
[Test worker] INFO io.cucumber.core.plugin.SerenityReporter - Running feature from file:///C:/Users/S410p%20Touch/Documents/5.GuardarLenguajes/Carpeta_Java/Sofka/TallerBDD/src/test/resources/features/consignacion.feature
]]></system-err>
</testsuite>
